have_func: checking for rb_enc_raise() in ruby.h... -------------------- yes

"gcc -o conftest -I/nix/store/yfmnyvd0asw5bs24lg611xn2gi4prqla-ruby-2.7.4/include/ruby-2.7.0/x86_64-linux -I/nix/store/yfmnyvd0asw5bs24lg611xn2gi4prqla-ruby-2.7.4/include/ruby-2.7.0/ruby/backward -I/nix/store/yfmnyvd0asw5bs24lg611xn2gi4prqla-ruby-2.7.4/include/ruby-2.7.0 -I.    -g -O2 -fPIC conftest.c  -L. -L/nix/store/yfmnyvd0asw5bs24lg611xn2gi4prqla-ruby-2.7.4/lib -Wl,-rpath,/nix/store/yfmnyvd0asw5bs24lg611xn2gi4prqla-ruby-2.7.4/lib -L. -fstack-protector-strong -rdynamic -Wl,-export-dynamic     -Wl,-rpath,/nix/store/yfmnyvd0asw5bs24lg611xn2gi4prqla-ruby-2.7.4/lib -L/nix/store/yfmnyvd0asw5bs24lg611xn2gi4prqla-ruby-2.7.4/lib -lruby-2.7.4  -lm   -lc"
checked program was:
/* begin */
1: #include "ruby.h"
2: 
3: int main(int argc, char **argv)
4: {
5:   return !!argv[argc];
6: }
/* end */

"gcc -o conftest -I/nix/store/yfmnyvd0asw5bs24lg611xn2gi4prqla-ruby-2.7.4/include/ruby-2.7.0/x86_64-linux -I/nix/store/yfmnyvd0asw5bs24lg611xn2gi4prqla-ruby-2.7.4/include/ruby-2.7.0/ruby/backward -I/nix/store/yfmnyvd0asw5bs24lg611xn2gi4prqla-ruby-2.7.4/include/ruby-2.7.0 -I.    -g -O2 -fPIC conftest.c  -L. -L/nix/store/yfmnyvd0asw5bs24lg611xn2gi4prqla-ruby-2.7.4/lib -Wl,-rpath,/nix/store/yfmnyvd0asw5bs24lg611xn2gi4prqla-ruby-2.7.4/lib -L. -fstack-protector-strong -rdynamic -Wl,-export-dynamic     -Wl,-rpath,/nix/store/yfmnyvd0asw5bs24lg611xn2gi4prqla-ruby-2.7.4/lib -L/nix/store/yfmnyvd0asw5bs24lg611xn2gi4prqla-ruby-2.7.4/lib -lruby-2.7.4  -lm   -lc"
conftest.c: In function ‘t’:
conftest.c:16:57: error: ‘rb_enc_raise’ undeclared (first use in this function); did you mean ‘rb_exc_raise’?
   16 | int t(void) { void ((*volatile p)()); p = (void ((*)()))rb_enc_raise; return !p; }
      |                                                         ^~~~~~~~~~~~
      |                                                         rb_exc_raise
conftest.c:16:57: note: each undeclared identifier is reported only once for each function it appears in
checked program was:
/* begin */
 1: #include "ruby.h"
 2: 
 3: #include <ruby.h>
 4: 
 5: /*top*/
 6: extern int t(void);
 7: int main(int argc, char **argv)
 8: {
 9:   if (argc > 1000000) {
10:     int (* volatile tp)(void)=(int (*)(void))&t;
11:     printf("%d", (*tp)());
12:   }
13: 
14:   return !!argv[argc];
15: }
16: int t(void) { void ((*volatile p)()); p = (void ((*)()))rb_enc_raise; return !p; }
/* end */

"gcc -o conftest -I/nix/store/yfmnyvd0asw5bs24lg611xn2gi4prqla-ruby-2.7.4/include/ruby-2.7.0/x86_64-linux -I/nix/store/yfmnyvd0asw5bs24lg611xn2gi4prqla-ruby-2.7.4/include/ruby-2.7.0/ruby/backward -I/nix/store/yfmnyvd0asw5bs24lg611xn2gi4prqla-ruby-2.7.4/include/ruby-2.7.0 -I.    -g -O2 -fPIC conftest.c  -L. -L/nix/store/yfmnyvd0asw5bs24lg611xn2gi4prqla-ruby-2.7.4/lib -Wl,-rpath,/nix/store/yfmnyvd0asw5bs24lg611xn2gi4prqla-ruby-2.7.4/lib -L. -fstack-protector-strong -rdynamic -Wl,-export-dynamic     -Wl,-rpath,/nix/store/yfmnyvd0asw5bs24lg611xn2gi4prqla-ruby-2.7.4/lib -L/nix/store/yfmnyvd0asw5bs24lg611xn2gi4prqla-ruby-2.7.4/lib -lruby-2.7.4  -lm   -lc"
checked program was:
/* begin */
 1: #include "ruby.h"
 2: 
 3: #include <ruby.h>
 4: 
 5: /*top*/
 6: extern int t(void);
 7: int main(int argc, char **argv)
 8: {
 9:   if (argc > 1000000) {
10:     int (* volatile tp)(void)=(int (*)(void))&t;
11:     printf("%d", (*tp)());
12:   }
13: 
14:   return !!argv[argc];
15: }
16: extern void rb_enc_raise();
17: int t(void) { rb_enc_raise(); return 0; }
/* end */

--------------------

have_func: checking for rb_enc_interned_str() in ruby.h... -------------------- no

"gcc -o conftest -I/nix/store/yfmnyvd0asw5bs24lg611xn2gi4prqla-ruby-2.7.4/include/ruby-2.7.0/x86_64-linux -I/nix/store/yfmnyvd0asw5bs24lg611xn2gi4prqla-ruby-2.7.4/include/ruby-2.7.0/ruby/backward -I/nix/store/yfmnyvd0asw5bs24lg611xn2gi4prqla-ruby-2.7.4/include/ruby-2.7.0 -I.    -g -O2 -fPIC conftest.c  -L. -L/nix/store/yfmnyvd0asw5bs24lg611xn2gi4prqla-ruby-2.7.4/lib -Wl,-rpath,/nix/store/yfmnyvd0asw5bs24lg611xn2gi4prqla-ruby-2.7.4/lib -L. -fstack-protector-strong -rdynamic -Wl,-export-dynamic     -Wl,-rpath,/nix/store/yfmnyvd0asw5bs24lg611xn2gi4prqla-ruby-2.7.4/lib -L/nix/store/yfmnyvd0asw5bs24lg611xn2gi4prqla-ruby-2.7.4/lib -lruby-2.7.4  -lm   -lc"
conftest.c: In function ‘t’:
conftest.c:16:57: error: ‘rb_enc_interned_str’ undeclared (first use in this function); did you mean ‘rb_sym_interned_p’?
   16 | int t(void) { void ((*volatile p)()); p = (void ((*)()))rb_enc_interned_str; return !p; }
      |                                                         ^~~~~~~~~~~~~~~~~~~
      |                                                         rb_sym_interned_p
conftest.c:16:57: note: each undeclared identifier is reported only once for each function it appears in
checked program was:
/* begin */
 1: #include "ruby.h"
 2: 
 3: #include <ruby.h>
 4: 
 5: /*top*/
 6: extern int t(void);
 7: int main(int argc, char **argv)
 8: {
 9:   if (argc > 1000000) {
10:     int (* volatile tp)(void)=(int (*)(void))&t;
11:     printf("%d", (*tp)());
12:   }
13: 
14:   return !!argv[argc];
15: }
16: int t(void) { void ((*volatile p)()); p = (void ((*)()))rb_enc_interned_str; return !p; }
/* end */

"gcc -o conftest -I/nix/store/yfmnyvd0asw5bs24lg611xn2gi4prqla-ruby-2.7.4/include/ruby-2.7.0/x86_64-linux -I/nix/store/yfmnyvd0asw5bs24lg611xn2gi4prqla-ruby-2.7.4/include/ruby-2.7.0/ruby/backward -I/nix/store/yfmnyvd0asw5bs24lg611xn2gi4prqla-ruby-2.7.4/include/ruby-2.7.0 -I.    -g -O2 -fPIC conftest.c  -L. -L/nix/store/yfmnyvd0asw5bs24lg611xn2gi4prqla-ruby-2.7.4/lib -Wl,-rpath,/nix/store/yfmnyvd0asw5bs24lg611xn2gi4prqla-ruby-2.7.4/lib -L. -fstack-protector-strong -rdynamic -Wl,-export-dynamic     -Wl,-rpath,/nix/store/yfmnyvd0asw5bs24lg611xn2gi4prqla-ruby-2.7.4/lib -L/nix/store/yfmnyvd0asw5bs24lg611xn2gi4prqla-ruby-2.7.4/lib -lruby-2.7.4  -lm   -lc"
/nix/store/v8imx1nvyz0hgvx9cbcmh6gp4ngw3ffj-binutils-2.35.1/bin/ld: /tmp/cclaqGue.o: in function `t':
/home/runner/CatalogOfMyThings-RubyCapstone/.bundle/ruby/2.7.0/gems/json-2.6.3/ext/json/ext/parser/conftest.c:17: undefined reference to `rb_enc_interned_str'
collect2: error: ld returned 1 exit status
checked program was:
/* begin */
 1: #include "ruby.h"
 2: 
 3: #include <ruby.h>
 4: 
 5: /*top*/
 6: extern int t(void);
 7: int main(int argc, char **argv)
 8: {
 9:   if (argc > 1000000) {
10:     int (* volatile tp)(void)=(int (*)(void))&t;
11:     printf("%d", (*tp)());
12:   }
13: 
14:   return !!argv[argc];
15: }
16: extern void rb_enc_interned_str();
17: int t(void) { rb_enc_interned_str(); return 0; }
/* end */

--------------------

